#-----------------------------------------------------------
# Vivado v2018.3 (64-bit)
# SW Build 2405991 on Thu Dec  6 23:38:27 MST 2018
# IP Build 2404404 on Fri Dec  7 01:43:56 MST 2018
# Start of session at: Wed Jul  2 13:52:22 2025
# Process ID: 17096
# Current directory: E:/project_15 bai
# Command line: vivado.exe -gui_launcher_event rodinguilauncherevent2340 E:\project_15 bai\project_15 bai.xpr
# Log file: E:/project_15 bai/vivado.log
# Journal file: E:/project_15 bai\vivado.jou
#-----------------------------------------------------------
start_gui
open_project {E:/project_15 bai/project_15 bai.xpr}
CRITICAL WARNING: [Project 1-19] Could not find the file 'E:/project_3/project_3.srcs/sources_1/new/JK_FF.vhd'.
CRITICAL WARNING: [Project 1-19] Could not find the file 'E:/project_3/project_3.srcs/sources_1/new/bai_3.vhd'.
CRITICAL WARNING: [Project 1-19] Could not find the file 'E:/project_1/project_1.srcs/sources_1/new/bai_1.vhd'.
CRITICAL WARNING: [Project 1-19] Could not find the file 'E:/project_4/project_5.srcs/sources_1/new/T_FF.vhd'.
CRITICAL WARNING: [Project 1-19] Could not find the file 'E:/project_4/project_5.srcs/sources_1/new/bai_4.vhd'.
CRITICAL WARNING: [Project 1-19] Could not find the file 'E:/project_4/project_5.srcs/sim_1/new/tb_bai_4.vhd'.
CRITICAL WARNING: [Project 1-19] Could not find the file 'E:/project_3/project_3.srcs/sim_1/new/tb_bai3.vhd'.
CRITICAL WARNING: [Project 1-19] Could not find the file 'E:/project_1/project_1.srcs/sim_1/new/tb_bai_1.vhd'.
CRITICAL WARNING: [Project 1-19] Could not find the file 'E:/project_3/project_3.srcs/sim_1/new/tb_bai_3.vhd'.
Scanning sources...
Finished scanning sources
INFO: [IP_Flow 19-234] Refreshing IP repositories
INFO: [IP_Flow 19-1704] No user IP repositories specified
INFO: [IP_Flow 19-2313] Loaded Vivado IP repository 'E:/Vivado/2018.3/data/ip'.
open_project: Time (s): cpu = 00:00:09 ; elapsed = 00:00:05 . Memory (MB): peak = 700.246 ; gain = 118.348
update_compile_order -fileset sources_1
exit
INFO: [Common 17-206] Exiting Vivado at Wed Jul  2 14:01:31 2025...
